The system is: Windows - 10.0.19043 - AMD64
Compiling the C compiler identification source file "CMakeCCompilerId.c" succeeded.
Compiler: C:/Program Files/Microsoft Visual Studio/2022/Community/VC/Tools/MSVC/14.30.30705/bin/Hostx86/x86/cl.exe 
Build flags: 
Id flags:  

The output was:
0
Microsoft (R) C/C++ Optimizing Compiler Version 19.30.30705 for x86
Copyright (C) Microsoft Corporation.  All rights reserved.

CMakeCCompilerId.c
Microsoft (R) Incremental Linker Version 14.30.30705.0
Copyright (C) Microsoft Corporation.  All rights reserved.

/out:CMakeCCompilerId.exe 
CMakeCCompilerId.obj 


Compilation of the C compiler identification source "CMakeCCompilerId.c" produced "CMakeCCompilerId.exe"

Compilation of the C compiler identification source "CMakeCCompilerId.c" produced "CMakeCCompilerId.obj"

The C compiler identification is MSVC, found in "C:/Users/gerog/Desktop/Damaschinas/cmake-build-debug/CMakeFiles/3.20.2/CompilerIdC/CMakeCCompilerId.exe"

Detecting C compiler ABI info compiled with the following output:
Change Dir: C:/Users/gerog/Desktop/Damaschinas/cmake-build-debug/CMakeFiles/CMakeTmp

Run Build Command(s):nmake -f Makefile /nologo cmTC_71296\fast && 	"C:\Program Files\Microsoft Visual Studio\2022\Community\VC\Tools\MSVC\14.30.30705\bin\HostX86\x86\nmake.exe"  -f CMakeFiles\cmTC_71296.dir\build.make /nologo -L                  CMakeFiles\cmTC_71296.dir\build
Building C object CMakeFiles/cmTC_71296.dir/CMakeCCompilerABI.c.obj
	"D:\Clion\CLion 2021.2.3\bin\cmake\win\bin\cmake.exe" -E cmake_cl_compile_depends --dep-file=CMakeFiles\cmTC_71296.dir\CMakeCCompilerABI.c.obj.d --working-dir=C:\Users\gerog\Desktop\Damaschinas\cmake-build-debug\CMakeFiles\CMakeTmp --filter-prefix="" -- C:\PROGRA~1\MIB055~1\2022\COMMUN~1\VC\Tools\MSVC\1430~1.307\bin\Hostx86\x86\cl.exe @C:\Users\gerog\AppData\Local\Temp\nm9495.tmp
Linking C executable cmTC_71296.exe
	"D:\Clion\CLion 2021.2.3\bin\cmake\win\bin\cmake.exe" -E vs_link_exe --intdir=CMakeFiles\cmTC_71296.dir --rc="D:\Windows Kits\10\bin\10.0.19041.0\x86\rc.exe" --mt="D:\Windows Kits\10\bin\10.0.19041.0\x86\mt.exe" --manifests -- C:\PROGRA~1\MIB055~1\2022\COMMUN~1\VC\Tools\MSVC\1430~1.307\bin\Hostx86\x86\link.exe /nologo @CMakeFiles\cmTC_71296.dir\objects1.rsp @C:\Users\gerog\AppData\Local\Temp\nm96AA.tmp



Compiling the CXX compiler identification source file "CMakeCXXCompilerId.cpp" succeeded.
Compiler: C:/Program Files/Microsoft Visual Studio/2022/Community/VC/Tools/MSVC/14.30.30705/bin/Hostx86/x86/cl.exe 
Build flags: 
Id flags:  

The output was:
0
Microsoft (R) C/C++ Optimizing Compiler Version 19.30.30705 for x86
Copyright (C) Microsoft Corporation.  All rights reserved.

CMakeCXXCompilerId.cpp
Microsoft (R) Incremental Linker Version 14.30.30705.0
Copyright (C) Microsoft Corporation.  All rights reserved.

/out:CMakeCXXCompilerId.exe 
CMakeCXXCompilerId.obj 


Compilation of the CXX compiler identification source "CMakeCXXCompilerId.cpp" produced "CMakeCXXCompilerId.exe"

Compilation of the CXX compiler identification source "CMakeCXXCompilerId.cpp" produced "CMakeCXXCompilerId.obj"

The CXX compiler identification is MSVC, found in "C:/Users/gerog/Desktop/Damaschinas/cmake-build-debug/CMakeFiles/3.20.2/CompilerIdCXX/CMakeCXXCompilerId.exe"

Detecting CXX compiler ABI info compiled with the following output:
Change Dir: C:/Users/gerog/Desktop/Damaschinas/cmake-build-debug/CMakeFiles/CMakeTmp

Run Build Command(s):nmake -f Makefile /nologo cmTC_2bdd9\fast && 	"C:\Program Files\Microsoft Visual Studio\2022\Community\VC\Tools\MSVC\14.30.30705\bin\HostX86\x86\nmake.exe"  -f CMakeFiles\cmTC_2bdd9.dir\build.make /nologo -L                  CMakeFiles\cmTC_2bdd9.dir\build
Building CXX object CMakeFiles/cmTC_2bdd9.dir/CMakeCXXCompilerABI.cpp.obj
	"D:\Clion\CLion 2021.2.3\bin\cmake\win\bin\cmake.exe" -E cmake_cl_compile_depends --dep-file=CMakeFiles\cmTC_2bdd9.dir\CMakeCXXCompilerABI.cpp.obj.d --working-dir=C:\Users\gerog\Desktop\Damaschinas\cmake-build-debug\CMakeFiles\CMakeTmp --filter-prefix="" -- C:\PROGRA~1\MIB055~1\2022\COMMUN~1\VC\Tools\MSVC\1430~1.307\bin\Hostx86\x86\cl.exe @C:\Users\gerog\AppData\Local\Temp\nmE891.tmp
Linking CXX executable cmTC_2bdd9.exe
	"D:\Clion\CLion 2021.2.3\bin\cmake\win\bin\cmake.exe" -E vs_link_exe --intdir=CMakeFiles\cmTC_2bdd9.dir --rc="D:\Windows Kits\10\bin\10.0.19041.0\x86\rc.exe" --mt="D:\Windows Kits\10\bin\10.0.19041.0\x86\mt.exe" --manifests -- C:\PROGRA~1\MIB055~1\2022\COMMUN~1\VC\Tools\MSVC\1430~1.307\bin\Hostx86\x86\link.exe /nologo @CMakeFiles\cmTC_2bdd9.dir\objects1.rsp @C:\Users\gerog\AppData\Local\Temp\nmE93E.tmp



